2018-07-07 01:11:15 INFO  HomePageSearchTest:24 - ################Search button test start#############
2018-07-07 01:11:15 INFO  HomePage:23 - search button is displayed[[ChromeDriver: chrome on MAC (940f55e1bfc0ebc48a1e753ff663b0b1)] -> id: search_query_top]
2018-07-07 01:11:15 INFO  HomePage:23 - search button is displayed[[ChromeDriver: chrome on MAC (940f55e1bfc0ebc48a1e753ff663b0b1)] -> id: search_query_top]
2018-07-07 01:11:15 INFO  HomePageSearchTest:28 - ################Search button test Finish#############
2018-07-07 01:35:16 INFO  HomePageSearchTest:24 - #############search button test Start############
2018-07-07 01:35:17 INFO  HomePage:24 - Search button is displayed[[ChromeDriver: chrome on MAC (75bd147b731b41202e6d6533859a866b)] -> id: search_query_top]
2018-07-07 01:35:17 INFO  HomePage:24 - Search button is displayed[[ChromeDriver: chrome on MAC (75bd147b731b41202e6d6533859a866b)] -> id: search_query_top]
2018-07-07 01:35:17 INFO  HomePageSearchTest:28 - #############search button test finish############
2018-07-07 01:54:38 INFO  HomePageSearchTest:23 - #############Saerch button test start######
2018-07-07 01:54:38 INFO  HomePage:26 - Search button displayed [[ChromeDriver: chrome on MAC (7f398a14984954f2816513fcceb1f4d8)] -> id: search_query_top]
2018-07-07 01:54:39 INFO  HomePage:26 - Search button displayed [[ChromeDriver: chrome on MAC (7f398a14984954f2816513fcceb1f4d8)] -> id: search_query_top]
2018-07-07 01:54:39 INFO  HomePageSearchTest:27 - #############Saerch button test Finish######
2018-07-19 22:16:06 INFO  HomePageSearchTest:35 - #############verifyCatagoryTest start######
2018-07-19 22:16:06 INFO  HomePageSearchTest:38 - #############verifyCatagoryTest Finish######
2018-07-19 22:21:37 INFO  HomePageSearchTest:35 - #############verifyCatagoryTest start######
2018-07-19 22:21:37 INFO  HomePageSearchTest:38 - #############verifyCatagoryTest Finish######
2018-07-19 22:24:09 INFO  HomePageSearchTest:35 - #############verifyCatagoryTest start######
2018-07-19 22:24:09 INFO  HomePageSearchTest:38 - false
2018-07-19 22:24:38 INFO  HomePageSearchTest:35 - #############verifyCatagoryTest start######
2018-07-19 22:24:38 INFO  HomePageSearchTest:38 - #############verifyCatagoryTest Finish######
2018-07-19 22:33:05 INFO  HomePageSearchTest:35 - #############verifyCatagoryTest start######
2018-07-19 22:33:05 INFO  HomePageSearchTest:38 - #############verifyCatagoryTest Finish######
2018-07-19 22:34:20 INFO  HomePageSearchTest:35 - #############verifyCatagoryTest start######
2018-07-19 22:34:20 INFO  HomePageSearchTest:38 - #############verifyCatagoryTest Finish######
2018-07-19 22:35:04 INFO  HomePageSearchTest:35 - #############verifyCatagoryTest start######
2018-07-19 22:35:04 INFO  HomePageSearchTest:38 - #############verifyCatagoryTest Finish######
2018-07-19 22:35:23 INFO  HomePageSearchTest:35 - #############verifyCatagoryTest start######
2018-07-19 22:36:12 INFO  HomePageSearchTest:38 - #############verifyCatagoryTest Finish######
2018-07-19 22:40:40 INFO  HomePageSearchTest:35 - #############verifyCatagoryTest start######
2018-07-19 22:40:45 INFO  HomePageSearchTest:38 - #############verifyCatagoryTest Finish######
2018-07-19 22:41:27 INFO  HomePageSearchTest:35 - #############verifyCatagoryTest start######
2018-07-19 22:41:32 INFO  HomePageSearchTest:38 - #############verifyCatagoryTest Finish######
2018-07-19 22:42:21 INFO  HomePageSearchTest:35 - #############verifyCatagoryTest start######
2018-07-19 22:42:27 INFO  HomePageSearchTest:38 - #############verifyCatagoryTest Finish######
2018-07-19 22:43:44 INFO  HomePageSearchTest:35 - #############verifyCatagoryTest start######
2018-07-19 22:43:50 INFO  HomePageSearchTest:38 - #############verifyCatagoryTest Finish######
2018-07-19 22:45:13 INFO  HomePageSearchTest:35 - #############verifyCatagoryTest start######
2018-07-19 22:45:55 INFO  HomePageSearchTest:35 - #############verifyCatagoryTest start######
2018-07-19 22:46:24 INFO  HomePageSearchTest:35 - #############verifyCatagoryTest start######
2018-07-19 22:58:57 INFO  HomePageSearchTest:35 - #############verifyCatagoryTest start######
2018-07-19 23:00:54 INFO  HomePageSearchTest:35 - #############verifyCatagoryTest start######
2018-07-19 23:04:06 INFO  HomePageSearchTest:35 - #############verifyCatagoryTest start######
2018-07-19 23:06:16 INFO  HomePageSearchTest:35 - #############verifyCatagoryTest start######
2018-07-19 23:06:22 INFO  HomePageSearchTest:38 - #############verifyCatagoryTest Finish######
2018-07-19 23:07:28 INFO  HomePageSearchTest:35 - #############verifyCatagoryTest start######
2018-07-19 23:10:02 INFO  HomePageSearchTest:35 - #############verifyCatagoryTest start######
2018-07-19 23:11:31 INFO  HomePageSearchTest:35 - #############verifyCatagoryTest start######
2018-07-19 23:11:37 INFO  HomePageSearchTest:38 - #############verifyCatagoryTest Finish######
2018-07-19 23:12:44 INFO  HomePageSearchTest:35 - #############verifyCatagoryTest start######
2018-07-19 23:12:55 INFO  HomePageSearchTest:38 - #############verifyCatagoryTest Finish######
2018-07-21 18:42:01 INFO  Catalog:24 - #############verifyCatalogDressSelectale test start######
2018-07-21 18:42:04 INFO  Catalog:27 - #############verifyCatalogDressSelectale test Finish######
2018-07-21 18:43:31 INFO  Catalog:24 - #############verifyCatalogDressSelectale test start######
2018-07-21 18:43:34 INFO  Catalog:27 - #############verifyCatalogDressSelectale test Finish######
2018-07-21 18:44:17 INFO  Catalog:24 - #############verifyCatalogDressSelectale test start######
2018-07-21 18:44:26 INFO  Catalog:27 - #############verifyCatalogDressSelectale test Finish######
2018-07-21 18:45:20 INFO  Catalog:24 - #############verifyCatalogDressSelectale test start######
2018-07-21 18:46:14 INFO  Catalog:24 - #############verifyCatalogDressSelectale test start######
2018-07-21 18:46:23 INFO  Catalog:27 - #############verifyCatalogDressSelectale test Finish######
